# JRE version: Java(TM) SE Runtime Environment (8.0_241-b07) (build 1.8.0_241-b07)
# Java VM: Java HotSpot(TM) 64-Bit Server VM (25.241-b07 mixed mode windows-amd64 compressed oops)
Heap:
 par new generation   total 314560K, used 50070K [0x00000000c0000000, 0x00000000d5550000, 0x00000000d5550000)
  eden space 279616K,   5% used [0x00000000c0000000, 0x00000000c0ec5be8, 0x00000000d1110000)
  from space 34944K,  99% used [0x00000000d3330000, 0x00000000d554fff8, 0x00000000d5550000)
  to   space 34944K,   0% used [0x00000000d1110000, 0x00000000d1110000, 0x00000000d3330000)
 concurrent mark-sweep generation total 699072K, used 139382K [0x00000000d5550000, 0x0000000100000000, 0x0000000100000000)
 Metaspace       used 27786K, capacity 28061K, committed 28364K, reserved 1075200K
  class space    used 3425K, capacity 3511K, committed 3532K, reserved 1048576K
GC Heap History (10 events):
Event: 3.745 GC heap before
{Heap before GC invocations=1 (full 2):
 par new generation   total 314560K, used 279616K [0x00000000c0000000, 0x00000000d5550000, 0x00000000d5550000)
  eden space 279616K, 100% used [0x00000000c0000000, 0x00000000d1110000, 0x00000000d1110000)
  from space 34944K,   0% used [0x00000000d1110000, 0x00000000d1110000, 0x00000000d3330000)
  to   space 34944K,   0% used [0x00000000d3330000, 0x00000000d3330000, 0x00000000d5550000)
 concurrent mark-sweep generation total 699072K, used 5344K [0x00000000d5550000, 0x0000000100000000, 0x0000000100000000)
 Metaspace       used 18397K, capacity 18576K, committed 18944K, reserved 1067008K
  class space    used 2202K, capacity 2282K, committed 2304K, reserved 1048576K
Event: 3.758 GC heap after
Heap after GC invocations=2 (full 2):
 par new generation   total 314560K, used 24055K [0x00000000c0000000, 0x00000000d5550000, 0x00000000d5550000)
  eden space 279616K,   0% used [0x00000000c0000000, 0x00000000c0000000, 0x00000000d1110000)
  from space 34944K,  68% used [0x00000000d3330000, 0x00000000d4aadd68, 0x00000000d5550000)
  to   space 34944K,   0% used [0x00000000d1110000, 0x00000000d1110000, 0x00000000d3330000)
 concurrent mark-sweep generation total 699072K, used 5344K [0x00000000d5550000, 0x0000000100000000, 0x0000000100000000)
 Metaspace       used 18397K, capacity 18576K, committed 18944K, reserved 1067008K
  class space    used 2202K, capacity 2282K, committed 2304K, reserved 1048576K
}
Event: 5.932 GC heap before
{Heap before GC invocations=2 (full 2):
 par new generation   total 314560K, used 303671K [0x00000000c0000000, 0x00000000d5550000, 0x00000000d5550000)
  eden space 279616K, 100% used [0x00000000c0000000, 0x00000000d1110000, 0x00000000d1110000)
  from space 34944K,  68% used [0x00000000d3330000, 0x00000000d4aadd68, 0x00000000d5550000)
  to   space 34944K,   0% used [0x00000000d1110000, 0x00000000d1110000, 0x00000000d3330000)
 concurrent mark-sweep generation total 699072K, used 2528K [0x00000000d5550000, 0x0000000100000000, 0x0000000100000000)
 Metaspace       used 24875K, capacity 25077K, committed 25420K, reserved 1071104K
  class space    used 3062K, capacity 3117K, committed 3148K, reserved 1048576K
Event: 5.972 GC heap after
Heap after GC invocations=3 (full 2):
 par new generation   total 314560K, used 17663K [0x00000000c0000000, 0x00000000d5550000, 0x00000000d5550000)
  eden space 279616K,   0% used [0x00000000c0000000, 0x00000000c0000000, 0x00000000d1110000)
  from space 34944K,  50% used [0x00000000d1110000, 0x00000000d224fc40, 0x00000000d3330000)
  to   space 34944K,   0% used [0x00000000d3330000, 0x00000000d3330000, 0x00000000d5550000)
 concurrent mark-sweep generation total 699072K, used 22938K [0x00000000d5550000, 0x0000000100000000, 0x0000000100000000)
 Metaspace       used 24875K, capacity 25077K, committed 25420K, reserved 1071104K
  class space    used 3062K, capacity 3117K, committed 3148K, reserved 1048576K
}
Event: 8.305 GC heap before
{Heap before GC invocations=3 (full 2):
 par new generation   total 314560K, used 297279K [0x00000000c0000000, 0x00000000d5550000, 0x00000000d5550000)
  eden space 279616K, 100% used [0x00000000c0000000, 0x00000000d1110000, 0x00000000d1110000)
  from space 34944K,  50% used [0x00000000d1110000, 0x00000000d224fc40, 0x00000000d3330000)
  to   space 34944K,   0% used [0x00000000d3330000, 0x00000000d3330000, 0x00000000d5550000)
 concurrent mark-sweep generation total 699072K, used 22938K [0x00000000d5550000, 0x0000000100000000, 0x0000000100000000)
 Metaspace       used 24952K, capacity 25141K, committed 25420K, reserved 1071104K
  class space    used 3064K, capacity 3117K, committed 3148K, reserved 1048576K
Event: 8.350 GC heap after
Heap after GC invocations=4 (full 2):
 par new generation   total 314560K, used 34944K [0x00000000c0000000, 0x00000000d5550000, 0x00000000d5550000)
  eden space 279616K,   0% used [0x00000000c0000000, 0x00000000c0000000, 0x00000000d1110000)
  from space 34944K, 100% used [0x00000000d3330000, 0x00000000d5550000, 0x00000000d5550000)
  to   space 34944K,   0% used [0x00000000d1110000, 0x00000000d1110000, 0x00000000d3330000)
 concurrent mark-sweep generation total 699072K, used 52802K [0x00000000d5550000, 0x0000000100000000, 0x0000000100000000)
 Metaspace       used 24952K, capacity 25141K, committed 25420K, reserved 1071104K
  class space    used 3064K, capacity 3117K, committed 3148K, reserved 1048576K
}
Event: 10.164 GC heap before
{Heap before GC invocations=4 (full 3):
 par new generation   total 314560K, used 314560K [0x00000000c0000000, 0x00000000d5550000, 0x00000000d5550000)
  eden space 279616K, 100% used [0x00000000c0000000, 0x00000000d1110000, 0x00000000d1110000)
  from space 34944K, 100% used [0x00000000d3330000, 0x00000000d5550000, 0x00000000d5550000)
  to   space 34944K,   0% used [0x00000000d1110000, 0x00000000d1110000, 0x00000000d3330000)
 concurrent mark-sweep generation total 699072K, used 52802K [0x00000000d5550000, 0x0000000100000000, 0x0000000100000000)
 Metaspace       used 25012K, capacity 25269K, committed 25676K, reserved 1071104K
  class space    used 3064K, capacity 3117K, committed 3148K, reserved 1048576K
Event: 10.245 GC heap after
Heap after GC invocations=5 (full 3):
 par new generation   total 314560K, used 34944K [0x00000000c0000000, 0x00000000d5550000, 0x00000000d5550000)
  eden space 279616K,   0% used [0x00000000c0000000, 0x00000000c0000000, 0x00000000d1110000)
  from space 34944K, 100% used [0x00000000d1110000, 0x00000000d3330000, 0x00000000d3330000)
  to   space 34944K,   0% used [0x00000000d3330000, 0x00000000d3330000, 0x00000000d5550000)
 concurrent mark-sweep generation total 699072K, used 125939K [0x00000000d5550000, 0x0000000100000000, 0x0000000100000000)
 Metaspace       used 25012K, capacity 25269K, committed 25676K, reserved 1071104K
  class space    used 3064K, capacity 3117K, committed 3148K, reserved 1048576K
}
Event: 11.858 GC heap before
{Heap before GC invocations=5 (full 3):
 par new generation   total 314560K, used 314560K [0x00000000c0000000, 0x00000000d5550000, 0x00000000d5550000)
  eden space 279616K, 100% used [0x00000000c0000000, 0x00000000d1110000, 0x00000000d1110000)
  from space 34944K, 100% used [0x00000000d1110000, 0x00000000d3330000, 0x00000000d3330000)
  to   space 34944K,   0% used [0x00000000d3330000, 0x00000000d3330000, 0x00000000d5550000)
 concurrent mark-sweep generation total 699072K, used 124110K [0x00000000d5550000, 0x0000000100000000, 0x0000000100000000)
 Metaspace       used 27551K, capacity 27805K, committed 28108K, reserved 1073152K
  class space    used 3398K, capacity 3511K, committed 3532K, reserved 1048576K
Event: 11.884 GC heap after
Heap after GC invocations=6 (full 3):
 par new generation   total 314560K, used 34943K [0x00000000c0000000, 0x00000000d5550000, 0x00000000d5550000)
  eden space 279616K,   0% used [0x00000000c0000000, 0x00000000c0000000, 0x00000000d1110000)
  from space 34944K,  99% used [0x00000000d3330000, 0x00000000d554fff8, 0x00000000d5550000)
  to   space 34944K,   0% used [0x00000000d1110000, 0x00000000d1110000, 0x00000000d3330000)
 concurrent mark-sweep generation total 699072K, used 139382K [0x00000000d5550000, 0x0000000100000000, 0x0000000100000000)
 Metaspace       used 27551K, capacity 27805K, committed 28108K, reserved 1073152K
  class space    used 3398K, capacity 3511K, committed 3532K, reserved 1048576K
}

